-------------------------------------------------------------------------------
Test set: RunCukesTest
-------------------------------------------------------------------------------
Tests run: 1, Failures: 1, Errors: 0, Skipped: 0, Time elapsed: 10.924 s <<< FAILURE! - in RunCukesTest
feature(RunCukesTest)  Time elapsed: 10.114 s  <<< FAILURE!
cucumber.runtime.CucumberException: java.lang.AssertionError: expected ["DRESES"] but found ["DRESSES"]
Caused by: java.lang.AssertionError: expected ["DRESES"] but found ["DRESSES"]

