<?xml version="1.0" encoding="UTF-8"?>
<testsuite xmlns:xsi="http://www.w3.org/2001/XMLSchema-instance" xsi:noNamespaceSchemaLocation="https://maven.apache.org/surefire/maven-surefire-plugin/xsd/surefire-test-report-3.0.xsd" version="3.0" name="RunCukesTest" time="10.924" tests="1" errors="0" skipped="0" failures="1">
  <properties>
[...]
</properties>
  <testcase name="feature" classname="RunCukesTest" time="10.114">
    <failure message="java.lang.AssertionError: expected [&quot;DRESES&quot;] but found [&quot;DRESSES&quot;]" type="cucumber.runtime.CucumberException">cucumber.runtime.CucumberException: java.lang.AssertionError: expected ["DRESES"] but found ["DRESSES"]
Caused by: java.lang.AssertionError: expected ["DRESES"] but found ["DRESSES"]
</failure>
    <system-err><![CDATA[1676581515581	mozrunner::runner	INFO	Running command: "C:\\Program Files\\Mozilla Firefox\\firefox.exe" "-marionette" "-foreground" "-no-remote" "-profile" "C:\\Users\\DETPC\\AppData\\Local\\Temp\\rust_mozprofileOE5X3m"
console.warn: services.settings: Ignoring preference override of remote settings server
console.warn: services.settings: Allow by setting MOZ_REMOTE_SETTINGS_DEVTOOLS=1 in the environment
1676581516221	Marionette	INFO	Marionette enabled
Dynamically enable window occlusion 0
1676581516227	Marionette	INFO	Listening on port 51275
console.error: "Warning: unrecognized command line flag -foreground\n"
JavaScript error: resource://gre/modules/XULStore.jsm, line 58: Error: Can't find profile directory.
1676581517138	RemoteAgent	WARN	TLS certificate errors will be ignored for this session
console.warn: SearchSettings: "get: No settings file exists, new profile?" (new NotFoundError("Could not open the file at C:\\Users\\DETPC\\AppData\\Local\\Temp\\rust_mozprofileOE5X3m\\search.json.mozlz4", (void 0)))
feb 16, 2023 4:05:18 PM org.openqa.selenium.remote.ProtocolHandshake createSession
INFORMACIÓN: Detected dialect: W3C
console.warn: LoginRecipes: "Falling back to a synchronous message for: http://automationpractice.pl."
]]></system-err>
  </testcase>
</testsuite>